app/build/intermediates/manifest_merge_blame_file/debug/manifest-merger-blame-debug-report.txt
1<?xml version="1.0" encoding="utf-8"?>
2<manifest xmlns:android="http://schemas.android.com/apk/res/android"
3    package="com.example.bubble_deploy"
4    android:versionCode="1"
5    android:versionName="1.0" >
6
7    <uses-sdk
8        android:minSdkVersion="15"
8-->src\main\AndroidManifest.xml
9        android:targetSdkVersion="29" />
9-->src\main\AndroidManifest.xml
10
11    <permission android:name="android.permission.WRITE_EXTERNAL_STORAGE" />
11-->src\main\AndroidManifest.xml:4:5-75
11-->src\main\AndroidManifest.xml:4:17-73
12    <permission android:name="android.permission.READ_EXTERNAL_STORAGE" />
12-->src\main\AndroidManifest.xml:5:5-74
12-->src\main\AndroidManifest.xml:5:17-72
13
14    <uses-permission android:name="android.permission.WRITE_EXTERNAL_STORAGE" />
14-->src\main\AndroidManifest.xml:6:5-80
14-->src\main\AndroidManifest.xml:6:22-78
15    <uses-permission android:name="android.permission.READ_EXTERNAL_STORAGE" />
15-->src\main\AndroidManifest.xml:7:5-79
15-->src\main\AndroidManifest.xml:7:22-77
16    <uses-permission android:name="android.permission.WRITE_USER_DICTIONARY" />
16-->src\main\AndroidManifest.xml:8:5-79
16-->src\main\AndroidManifest.xml:8:22-77
17    <uses-permission android:name="android.permission.READ_USER_DICTIONARY" />
17-->src\main\AndroidManifest.xml:9:5-78
17-->src\main\AndroidManifest.xml:9:22-76
18
19    <application
19-->src\main\AndroidManifest.xml:11:5-105:19
20        android:allowBackup="true"
20-->src\main\AndroidManifest.xml:12:9-35
21        android:appComponentFactory="androidx.core.app.CoreComponentFactory"
21-->[androidx.core:core:1.1.0] AndroidManifest.xml:24:18-86
22        android:debuggable="true"
23        android:icon="@drawable/appicon"
23-->src\main\AndroidManifest.xml:13:9-41
24        android:label="@string/app_name"
24-->src\main\AndroidManifest.xml:14:9-41
25        android:requestLegacyExternalStorage="true"
25-->src\main\AndroidManifest.xml:18:9-52
26        android:roundIcon="@mipmap/ic_launcher_round"
26-->src\main\AndroidManifest.xml:15:9-54
27        android:supportsRtl="true"
27-->src\main\AndroidManifest.xml:16:9-35
28        android:testOnly="true"
29        android:theme="@style/AppTheme" >
29-->src\main\AndroidManifest.xml:17:9-40
30        <activity
30-->src\main\AndroidManifest.xml:20:9-24:20
31            android:name="com.example.bubble_deploy.mainActivity.MainActivity"
31-->src\main\AndroidManifest.xml:21:13-79
32            android:label="@string/app_name"
32-->src\main\AndroidManifest.xml:22:13-45
33            android:theme="@style/AppTheme.NoActionBar" >
33-->src\main\AndroidManifest.xml:23:13-56
34        </activity>
35        <!-- 여기는 스플래시 액티비티입니당 -->
36        <activity
36-->src\main\AndroidManifest.xml:26:9-34:20
37            android:name="com.example.bubble_deploy.mainActivity.SplashActivity"
37-->src\main\AndroidManifest.xml:27:13-81
38            android:screenOrientation="portrait"
38-->src\main\AndroidManifest.xml:29:13-49
39            android:theme="@style/SplashTheme" >
39-->src\main\AndroidManifest.xml:28:13-47
40            <intent-filter>
40-->src\main\AndroidManifest.xml:30:13-33:29
41                <action android:name="android.intent.action.MAIN" />
41-->src\main\AndroidManifest.xml:31:17-69
41-->src\main\AndroidManifest.xml:31:25-66
42
43                <category android:name="android.intent.category.LAUNCHER" />
43-->src\main\AndroidManifest.xml:32:17-77
43-->src\main\AndroidManifest.xml:32:27-74
44            </intent-filter>
45        </activity>
46        <!-- 여기까지 스플래시인데 오류가있다면 말해주세용 -->
47
48        <activity
48-->src\main\AndroidManifest.xml:37:9-41:15
49            android:name="com.example.bubble_deploy.mainActivity.BubblingPhotoActivity"
49-->src\main\AndroidManifest.xml:38:13-88
50            android:label="@string/photo"
50-->src\main\AndroidManifest.xml:39:13-42
51            android:theme="@style/AppTheme.NoActionBar" />
51-->src\main\AndroidManifest.xml:40:13-56
52        <activity
52-->src\main\AndroidManifest.xml:42:9-46:15
53            android:name="com.example.bubble_deploy.mainActivity.BubblingFolderActivity"
53-->src\main\AndroidManifest.xml:43:13-89
54            android:label="@string/folder"
54-->src\main\AndroidManifest.xml:44:13-43
55            android:theme="@style/AppTheme.NoActionBar" />
55-->src\main\AndroidManifest.xml:45:13-56
56        <activity
56-->src\main\AndroidManifest.xml:47:9-51:15
57            android:name="com.example.bubble_deploy.mainActivity.AllalbumActivity"
57-->src\main\AndroidManifest.xml:48:13-83
58            android:label="@string/allalbum"
58-->src\main\AndroidManifest.xml:49:13-45
59            android:theme="@style/AppTheme.NoActionBar" />
59-->src\main\AndroidManifest.xml:50:13-56
60        <activity
60-->src\main\AndroidManifest.xml:52:9-56:15
61            android:name="com.example.bubble_deploy.mainActivity.BubblingMemoActivity"
61-->src\main\AndroidManifest.xml:53:13-87
62            android:label="Memo"
62-->src\main\AndroidManifest.xml:54:13-33
63            android:theme="@style/AppTheme.NoActionBar" />
63-->src\main\AndroidManifest.xml:55:13-56
64        <activity
64-->src\main\AndroidManifest.xml:58:9-62:15
65            android:name="com.example.bubble_deploy.howtoUseActivity.HowtoUseActivity"
65-->src\main\AndroidManifest.xml:59:13-87
66            android:label="Howtouse"
66-->src\main\AndroidManifest.xml:60:13-37
67            android:theme="@style/AppTheme.NoActionBar" />
67-->src\main\AndroidManifest.xml:61:13-56
68        <activity
68-->src\main\AndroidManifest.xml:63:9-67:15
69            android:name="com.example.bubble_deploy.mainActivity.PhotoPopupActivity"
69-->src\main\AndroidManifest.xml:64:13-85
70            android:label="@string/photopopup"
70-->src\main\AndroidManifest.xml:65:13-47
71            android:theme="@style/AppTheme" />
71-->src\main\AndroidManifest.xml:66:13-44
72        <activity
72-->src\main\AndroidManifest.xml:69:9-73:15
73            android:name="com.example.bubble_deploy.howtoUseActivity.HowtoPhotoActivity"
73-->src\main\AndroidManifest.xml:70:13-89
74            android:label="HowtousePhoto"
74-->src\main\AndroidManifest.xml:71:13-42
75            android:theme="@style/AppTheme.NoActionBar" />
75-->src\main\AndroidManifest.xml:72:13-56
76        <activity
76-->src\main\AndroidManifest.xml:75:9-79:15
77            android:name="com.example.bubble_deploy.howtoUseActivity.HowtoGalleryActivity"
77-->src\main\AndroidManifest.xml:76:13-91
78            android:label="HowtouseGallery"
78-->src\main\AndroidManifest.xml:77:13-44
79            android:theme="@style/AppTheme.NoActionBar" />
79-->src\main\AndroidManifest.xml:78:13-56
80        <activity
80-->src\main\AndroidManifest.xml:81:9-85:15
81            android:name="com.example.bubble_deploy.howtoUseActivity.HowtoFolderActivity"
81-->src\main\AndroidManifest.xml:82:13-90
82            android:label="HowtouseFolder"
82-->src\main\AndroidManifest.xml:83:13-43
83            android:theme="@style/AppTheme.NoActionBar" />
83-->src\main\AndroidManifest.xml:84:13-56
84        <activity
84-->src\main\AndroidManifest.xml:87:9-91:15
85            android:name="com.example.bubble_deploy.howtoUseActivity.HowtoMemoActivity"
85-->src\main\AndroidManifest.xml:88:13-88
86            android:label="HowtouseMemo"
86-->src\main\AndroidManifest.xml:89:13-41
87            android:theme="@style/AppTheme.NoActionBar" />
87-->src\main\AndroidManifest.xml:90:13-56
88        <activity
88-->src\main\AndroidManifest.xml:93:9-97:15
89            android:name="com.example.bubble_deploy.howtoUseActivity.HowtoFaceActivity"
89-->src\main\AndroidManifest.xml:94:13-88
90            android:label="HowtouseFace"
90-->src\main\AndroidManifest.xml:95:13-41
91            android:theme="@style/AppTheme.NoActionBar" />
91-->src\main\AndroidManifest.xml:96:13-56
92        <activity
92-->src\main\AndroidManifest.xml:99:9-103:15
93            android:name="com.example.bubble_deploy.howtoUseActivity.HowtoInformationActivity"
93-->src\main\AndroidManifest.xml:100:13-95
94            android:label="HowtouseInformation"
94-->src\main\AndroidManifest.xml:101:13-48
95            android:theme="@style/AppTheme.NoActionBar" />
95-->src\main\AndroidManifest.xml:102:13-56
96    </application>
97
98</manifest>